2025-04-29 05:06:09,913 - gomoku - INFO - 
===== 初始化 7x7 棋盘训练 =====
2025-04-29 05:06:09,913 - gomoku - INFO - 每迭代自我对弈局数: 100
2025-04-29 05:06:09,913 - gomoku - INFO - 总迭代次数: 30
2025-04-29 05:06:09,913 - gomoku - INFO - MCTS模拟次数: 200
2025-04-29 05:06:10,619 - gomoku - INFO - Using GPU for training
2025-04-29 05:06:10,688 - gomoku - WARNING - 找不到检查点文件: checkpoints/latest_7.pth\checkpoint.pth
2025-04-29 05:06:10,689 - gomoku - INFO - 
===== 迭代 1/30 =====
2025-04-29 05:06:10,689 - gomoku - INFO - 开始 100 局自我对弈...
2025-04-29 05:24:45,008 - gomoku - INFO - 训练神经网络...
2025-04-29 05:24:45,009 - gomoku - ERROR - 训练出错: 不一致的策略形状: [(44,), (25,), (40,), (30,), (36,), (39,), (28,), (41,), (20,), (35,), (34,), (45,), (48,), (7,), (23,), (10,), (31,), (27,), (43,), (22,), (28,), (40,), (42,), (43,), (31,), (11,), (49,), (25,), (20,), (35,), (48,), (42,), (28,), (32,), (37,), (33,), (42,), (47,), (39,), (35,), (42,), (46,), (40,), (42,), (47,), (36,), (48,), (21,), (5,), (45,), (24,), (31,), (48,), (49,), (43,), (40,), (37,), (34,), (49,), (41,), (24,), (38,), (41,), (38,)]
2025-04-29 05:24:45,010 - gomoku - ERROR - 状态形状: [(7, 7), (7, 7), (7, 7), (7, 7), (7, 7), (7, 7), (7, 7), (7, 7), (7, 7), (7, 7), (7, 7), (7, 7), (7, 7), (7, 7), (7, 7), (7, 7), (7, 7), (7, 7), (7, 7), (7, 7), (7, 7), (7, 7), (7, 7), (7, 7), (7, 7), (7, 7), (7, 7), (7, 7), (7, 7), (7, 7), (7, 7), (7, 7), (7, 7), (7, 7), (7, 7), (7, 7), (7, 7), (7, 7), (7, 7), (7, 7), (7, 7), (7, 7), (7, 7), (7, 7), (7, 7), (7, 7), (7, 7), (7, 7), (7, 7), (7, 7), (7, 7), (7, 7), (7, 7), (7, 7), (7, 7), (7, 7), (7, 7), (7, 7), (7, 7), (7, 7), (7, 7), (7, 7), (7, 7), (7, 7)]
2025-04-29 05:24:45,010 - gomoku - ERROR - 策略形状: [(44,), (25,), (40,), (30,), (36,), (39,), (28,), (41,), (20,), (35,), (34,), (45,), (48,), (7,), (23,), (10,), (31,), (27,), (43,), (22,), (28,), (40,), (42,), (43,), (31,), (11,), (49,), (25,), (20,), (35,), (48,), (42,), (28,), (32,), (37,), (33,), (42,), (47,), (39,), (35,), (42,), (46,), (40,), (42,), (47,), (36,), (48,), (21,), (5,), (45,), (24,), (31,), (48,), (49,), (43,), (40,), (37,), (34,), (49,), (41,), (24,), (38,), (41,), (38,)]
2025-04-29 05:24:45,024 - gomoku - INFO - 模型保存至 checkpoints\checkpoint_7_1.pth
2025-04-29 05:24:45,025 - gomoku - INFO - 保存检查点到 checkpoint_7_1.pth
2025-04-29 05:24:45,027 - gomoku - INFO - 迭代完成，耗时: 1114.34秒
2025-04-29 05:24:45,028 - gomoku - INFO - 
===== 迭代 2/30 =====
2025-04-29 05:24:45,028 - gomoku - INFO - 开始 100 局自我对弈...
2025-04-29 05:45:12,910 - gomoku - INFO - 训练神经网络...
2025-04-29 05:45:12,911 - gomoku - ERROR - 训练出错: 不一致的策略形状: [(34,), (37,), (28,), (42,), (17,), (13,), (34,), (36,), (11,), (48,), (13,), (43,), (36,), (43,), (41,), (45,), (41,), (25,), (33,), (43,), (9,), (39,), (37,), (48,), (34,), (39,), (21,), (41,), (45,), (30,), (20,), (43,), (30,), (39,), (49,), (36,), (18,), (22,), (16,), (26,), (42,), (31,), (28,), (43,), (36,), (4,), (45,), (31,), (41,), (38,), (40,), (16,), (49,), (27,), (40,), (38,), (47,), (35,), (28,), (32,), (34,), (35,), (30,), (49,)]
2025-04-29 05:45:12,911 - gomoku - ERROR - 状态形状: [(7, 7), (7, 7), (7, 7), (7, 7), (7, 7), (7, 7), (7, 7), (7, 7), (7, 7), (7, 7), (7, 7), (7, 7), (7, 7), (7, 7), (7, 7), (7, 7), (7, 7), (7, 7), (7, 7), (7, 7), (7, 7), (7, 7), (7, 7), (7, 7), (7, 7), (7, 7), (7, 7), (7, 7), (7, 7), (7, 7), (7, 7), (7, 7), (7, 7), (7, 7), (7, 7), (7, 7), (7, 7), (7, 7), (7, 7), (7, 7), (7, 7), (7, 7), (7, 7), (7, 7), (7, 7), (7, 7), (7, 7), (7, 7), (7, 7), (7, 7), (7, 7), (7, 7), (7, 7), (7, 7), (7, 7), (7, 7), (7, 7), (7, 7), (7, 7), (7, 7), (7, 7), (7, 7), (7, 7), (7, 7)]
2025-04-29 05:45:12,911 - gomoku - ERROR - 策略形状: [(34,), (37,), (28,), (42,), (17,), (13,), (34,), (36,), (11,), (48,), (13,), (43,), (36,), (43,), (41,), (45,), (41,), (25,), (33,), (43,), (9,), (39,), (37,), (48,), (34,), (39,), (21,), (41,), (45,), (30,), (20,), (43,), (30,), (39,), (49,), (36,), (18,), (22,), (16,), (26,), (42,), (31,), (28,), (43,), (36,), (4,), (45,), (31,), (41,), (38,), (40,), (16,), (49,), (27,), (40,), (38,), (47,), (35,), (28,), (32,), (34,), (35,), (30,), (49,)]
2025-04-29 05:45:12,920 - gomoku - INFO - 模型保存至 checkpoints\checkpoint_7_2.pth
2025-04-29 05:45:12,920 - gomoku - INFO - 保存检查点到 checkpoint_7_2.pth
2025-04-29 05:45:12,920 - gomoku - INFO - 迭代完成，耗时: 1227.89秒
2025-04-29 05:45:12,920 - gomoku - INFO - 
===== 迭代 3/30 =====
2025-04-29 05:45:12,920 - gomoku - INFO - 开始 100 局自我对弈...
2025-04-29 06:01:41,756 - gomoku - INFO - 训练神经网络...
2025-04-29 06:01:41,756 - gomoku - ERROR - 训练出错: 不一致的策略形状: [(17,), (24,), (23,), (49,), (37,), (42,), (37,), (25,), (36,), (42,), (9,), (45,), (15,), (22,), (48,), (29,), (24,), (38,), (37,), (42,), (31,), (49,), (23,), (36,), (24,), (4,), (45,), (39,), (44,), (47,), (41,), (46,), (35,), (41,), (45,), (12,), (26,), (24,), (18,), (44,), (29,), (31,), (40,), (36,), (39,), (38,), (38,), (10,), (35,), (18,), (25,), (47,), (36,), (40,), (37,), (39,), (43,), (22,), (36,), (30,), (21,), (42,), (38,), (44,)]
2025-04-29 06:01:41,756 - gomoku - ERROR - 状态形状: [(7, 7), (7, 7), (7, 7), (7, 7), (7, 7), (7, 7), (7, 7), (7, 7), (7, 7), (7, 7), (7, 7), (7, 7), (7, 7), (7, 7), (7, 7), (7, 7), (7, 7), (7, 7), (7, 7), (7, 7), (7, 7), (7, 7), (7, 7), (7, 7), (7, 7), (7, 7), (7, 7), (7, 7), (7, 7), (7, 7), (7, 7), (7, 7), (7, 7), (7, 7), (7, 7), (7, 7), (7, 7), (7, 7), (7, 7), (7, 7), (7, 7), (7, 7), (7, 7), (7, 7), (7, 7), (7, 7), (7, 7), (7, 7), (7, 7), (7, 7), (7, 7), (7, 7), (7, 7), (7, 7), (7, 7), (7, 7), (7, 7), (7, 7), (7, 7), (7, 7), (7, 7), (7, 7), (7, 7), (7, 7)]
2025-04-29 06:01:41,756 - gomoku - ERROR - 策略形状: [(17,), (24,), (23,), (49,), (37,), (42,), (37,), (25,), (36,), (42,), (9,), (45,), (15,), (22,), (48,), (29,), (24,), (38,), (37,), (42,), (31,), (49,), (23,), (36,), (24,), (4,), (45,), (39,), (44,), (47,), (41,), (46,), (35,), (41,), (45,), (12,), (26,), (24,), (18,), (44,), (29,), (31,), (40,), (36,), (39,), (38,), (38,), (10,), (35,), (18,), (25,), (47,), (36,), (40,), (37,), (39,), (43,), (22,), (36,), (30,), (21,), (42,), (38,), (44,)]
2025-04-29 06:01:41,763 - gomoku - INFO - 模型保存至 checkpoints\checkpoint_7_3.pth
2025-04-29 06:01:41,763 - gomoku - INFO - 保存检查点到 checkpoint_7_3.pth
2025-04-29 06:01:41,764 - gomoku - INFO - 迭代完成，耗时: 988.84秒
2025-04-29 06:01:41,764 - gomoku - INFO - 
===== 迭代 4/30 =====
2025-04-29 06:01:41,764 - gomoku - INFO - 开始 100 局自我对弈...
2025-04-29 06:18:06,162 - gomoku - INFO - 训练神经网络...
2025-04-29 06:18:06,162 - gomoku - ERROR - 训练出错: 不一致的策略形状: [(21,), (30,), (27,), (35,), (47,), (19,), (38,), (42,), (29,), (43,), (37,), (24,), (40,), (42,), (14,), (46,), (41,), (35,), (45,), (27,), (48,), (31,), (42,), (33,), (44,), (39,), (42,), (40,), (41,), (21,), (32,), (30,), (46,), (38,), (38,), (20,), (45,), (4,), (22,), (10,), (35,), (28,), (38,), (38,), (30,), (9,), (41,), (37,), (40,), (32,), (40,), (45,), (17,), (28,), (22,), (47,), (33,), (32,), (43,), (35,), (33,), (10,), (43,), (27,)]
2025-04-29 06:18:06,163 - gomoku - ERROR - 状态形状: [(7, 7), (7, 7), (7, 7), (7, 7), (7, 7), (7, 7), (7, 7), (7, 7), (7, 7), (7, 7), (7, 7), (7, 7), (7, 7), (7, 7), (7, 7), (7, 7), (7, 7), (7, 7), (7, 7), (7, 7), (7, 7), (7, 7), (7, 7), (7, 7), (7, 7), (7, 7), (7, 7), (7, 7), (7, 7), (7, 7), (7, 7), (7, 7), (7, 7), (7, 7), (7, 7), (7, 7), (7, 7), (7, 7), (7, 7), (7, 7), (7, 7), (7, 7), (7, 7), (7, 7), (7, 7), (7, 7), (7, 7), (7, 7), (7, 7), (7, 7), (7, 7), (7, 7), (7, 7), (7, 7), (7, 7), (7, 7), (7, 7), (7, 7), (7, 7), (7, 7), (7, 7), (7, 7), (7, 7), (7, 7)]
2025-04-29 06:18:06,163 - gomoku - ERROR - 策略形状: [(21,), (30,), (27,), (35,), (47,), (19,), (38,), (42,), (29,), (43,), (37,), (24,), (40,), (42,), (14,), (46,), (41,), (35,), (45,), (27,), (48,), (31,), (42,), (33,), (44,), (39,), (42,), (40,), (41,), (21,), (32,), (30,), (46,), (38,), (38,), (20,), (45,), (4,), (22,), (10,), (35,), (28,), (38,), (38,), (30,), (9,), (41,), (37,), (40,), (32,), (40,), (45,), (17,), (28,), (22,), (47,), (33,), (32,), (43,), (35,), (33,), (10,), (43,), (27,)]
2025-04-29 06:18:06,169 - gomoku - INFO - 模型保存至 checkpoints\checkpoint_7_4.pth
2025-04-29 06:18:06,169 - gomoku - INFO - 保存检查点到 checkpoint_7_4.pth
2025-04-29 06:18:06,170 - gomoku - INFO - 迭代完成，耗时: 984.41秒
2025-04-29 06:18:06,170 - gomoku - INFO - 
===== 迭代 5/30 =====
2025-04-29 06:18:06,170 - gomoku - INFO - 开始 100 局自我对弈...
2025-04-29 06:33:50,824 - gomoku - INFO - 训练神经网络...
2025-04-29 06:33:50,825 - gomoku - ERROR - 训练出错: 不一致的策略形状: [(24,), (46,), (45,), (43,), (31,), (45,), (27,), (22,), (44,), (43,), (35,), (46,), (43,), (49,), (48,), (8,), (17,), (26,), (37,), (31,), (36,), (25,), (49,), (11,), (26,), (32,), (34,), (35,), (49,), (43,), (40,), (31,), (7,), (8,), (40,), (43,), (19,), (33,), (38,), (19,), (8,), (16,), (48,), (40,), (37,), (26,), (37,), (48,), (36,), (40,), (1,), (21,), (21,), (36,), (34,), (46,), (33,), (49,), (43,), (7,), (27,), (36,), (7,), (34,)]
2025-04-29 06:33:50,825 - gomoku - ERROR - 状态形状: [(7, 7), (7, 7), (7, 7), (7, 7), (7, 7), (7, 7), (7, 7), (7, 7), (7, 7), (7, 7), (7, 7), (7, 7), (7, 7), (7, 7), (7, 7), (7, 7), (7, 7), (7, 7), (7, 7), (7, 7), (7, 7), (7, 7), (7, 7), (7, 7), (7, 7), (7, 7), (7, 7), (7, 7), (7, 7), (7, 7), (7, 7), (7, 7), (7, 7), (7, 7), (7, 7), (7, 7), (7, 7), (7, 7), (7, 7), (7, 7), (7, 7), (7, 7), (7, 7), (7, 7), (7, 7), (7, 7), (7, 7), (7, 7), (7, 7), (7, 7), (7, 7), (7, 7), (7, 7), (7, 7), (7, 7), (7, 7), (7, 7), (7, 7), (7, 7), (7, 7), (7, 7), (7, 7), (7, 7), (7, 7)]
2025-04-29 06:33:50,825 - gomoku - ERROR - 策略形状: [(24,), (46,), (45,), (43,), (31,), (45,), (27,), (22,), (44,), (43,), (35,), (46,), (43,), (49,), (48,), (8,), (17,), (26,), (37,), (31,), (36,), (25,), (49,), (11,), (26,), (32,), (34,), (35,), (49,), (43,), (40,), (31,), (7,), (8,), (40,), (43,), (19,), (33,), (38,), (19,), (8,), (16,), (48,), (40,), (37,), (26,), (37,), (48,), (36,), (40,), (1,), (21,), (21,), (36,), (34,), (46,), (33,), (49,), (43,), (7,), (27,), (36,), (7,), (34,)]
2025-04-29 06:33:50,831 - gomoku - INFO - 模型保存至 checkpoints\checkpoint_7_5.pth
2025-04-29 06:33:50,832 - gomoku - INFO - 保存检查点到 checkpoint_7_5.pth
2025-04-29 06:33:50,832 - gomoku - INFO - 迭代完成，耗时: 944.66秒
2025-04-29 06:33:50,832 - gomoku - INFO - 
===== 迭代 6/30 =====
2025-04-29 06:33:50,832 - gomoku - INFO - 开始 100 局自我对弈...
2025-04-29 06:50:37,114 - gomoku - INFO - 训练神经网络...
2025-04-29 06:50:37,115 - gomoku - ERROR - 训练出错: 不一致的策略形状: [(43,), (41,), (24,), (43,), (20,), (47,), (25,), (33,), (23,), (20,), (43,), (37,), (40,), (38,), (21,), (27,), (32,), (33,), (12,), (28,), (21,), (17,), (37,), (41,), (28,), (43,), (47,), (9,), (35,), (16,), (17,), (45,), (40,), (45,), (36,), (47,), (45,), (40,), (3,), (36,), (33,), (20,), (34,), (29,), (44,), (37,), (34,), (44,), (43,), (35,), (27,), (42,), (34,), (14,), (38,), (45,), (23,), (41,), (28,), (33,), (41,), (34,), (42,), (48,)]
2025-04-29 06:50:37,115 - gomoku - ERROR - 状态形状: [(7, 7), (7, 7), (7, 7), (7, 7), (7, 7), (7, 7), (7, 7), (7, 7), (7, 7), (7, 7), (7, 7), (7, 7), (7, 7), (7, 7), (7, 7), (7, 7), (7, 7), (7, 7), (7, 7), (7, 7), (7, 7), (7, 7), (7, 7), (7, 7), (7, 7), (7, 7), (7, 7), (7, 7), (7, 7), (7, 7), (7, 7), (7, 7), (7, 7), (7, 7), (7, 7), (7, 7), (7, 7), (7, 7), (7, 7), (7, 7), (7, 7), (7, 7), (7, 7), (7, 7), (7, 7), (7, 7), (7, 7), (7, 7), (7, 7), (7, 7), (7, 7), (7, 7), (7, 7), (7, 7), (7, 7), (7, 7), (7, 7), (7, 7), (7, 7), (7, 7), (7, 7), (7, 7), (7, 7), (7, 7)]
2025-04-29 06:50:37,115 - gomoku - ERROR - 策略形状: [(43,), (41,), (24,), (43,), (20,), (47,), (25,), (33,), (23,), (20,), (43,), (37,), (40,), (38,), (21,), (27,), (32,), (33,), (12,), (28,), (21,), (17,), (37,), (41,), (28,), (43,), (47,), (9,), (35,), (16,), (17,), (45,), (40,), (45,), (36,), (47,), (45,), (40,), (3,), (36,), (33,), (20,), (34,), (29,), (44,), (37,), (34,), (44,), (43,), (35,), (27,), (42,), (34,), (14,), (38,), (45,), (23,), (41,), (28,), (33,), (41,), (34,), (42,), (48,)]
2025-04-29 06:50:37,121 - gomoku - INFO - 模型保存至 checkpoints\checkpoint_7_6.pth
2025-04-29 06:50:37,122 - gomoku - INFO - 保存检查点到 checkpoint_7_6.pth
2025-04-29 06:50:37,122 - gomoku - INFO - 迭代完成，耗时: 1006.29秒
2025-04-29 06:50:37,122 - gomoku - INFO - 
===== 迭代 7/30 =====
2025-04-29 06:50:37,122 - gomoku - INFO - 开始 100 局自我对弈...
2025-04-29 07:06:23,630 - gomoku - INFO - 训练神经网络...
2025-04-29 07:06:23,631 - gomoku - ERROR - 训练出错: 不一致的策略形状: [(33,), (46,), (49,), (29,), (32,), (35,), (31,), (43,), (39,), (37,), (36,), (48,), (30,), (49,), (27,), (47,), (44,), (34,), (44,), (36,), (21,), (41,), (48,), (35,), (31,), (36,), (31,), (44,), (35,), (40,), (33,), (43,), (40,), (45,), (47,), (33,), (37,), (49,), (16,), (36,), (28,), (48,), (42,), (39,), (38,), (36,), (33,), (41,), (30,), (40,), (39,), (34,), (44,), (34,), (36,), (40,), (25,), (39,), (8,), (35,), (29,), (23,), (23,), (34,)]
2025-04-29 07:06:23,631 - gomoku - ERROR - 状态形状: [(7, 7), (7, 7), (7, 7), (7, 7), (7, 7), (7, 7), (7, 7), (7, 7), (7, 7), (7, 7), (7, 7), (7, 7), (7, 7), (7, 7), (7, 7), (7, 7), (7, 7), (7, 7), (7, 7), (7, 7), (7, 7), (7, 7), (7, 7), (7, 7), (7, 7), (7, 7), (7, 7), (7, 7), (7, 7), (7, 7), (7, 7), (7, 7), (7, 7), (7, 7), (7, 7), (7, 7), (7, 7), (7, 7), (7, 7), (7, 7), (7, 7), (7, 7), (7, 7), (7, 7), (7, 7), (7, 7), (7, 7), (7, 7), (7, 7), (7, 7), (7, 7), (7, 7), (7, 7), (7, 7), (7, 7), (7, 7), (7, 7), (7, 7), (7, 7), (7, 7), (7, 7), (7, 7), (7, 7), (7, 7)]
2025-04-29 07:06:23,631 - gomoku - ERROR - 策略形状: [(33,), (46,), (49,), (29,), (32,), (35,), (31,), (43,), (39,), (37,), (36,), (48,), (30,), (49,), (27,), (47,), (44,), (34,), (44,), (36,), (21,), (41,), (48,), (35,), (31,), (36,), (31,), (44,), (35,), (40,), (33,), (43,), (40,), (45,), (47,), (33,), (37,), (49,), (16,), (36,), (28,), (48,), (42,), (39,), (38,), (36,), (33,), (41,), (30,), (40,), (39,), (34,), (44,), (34,), (36,), (40,), (25,), (39,), (8,), (35,), (29,), (23,), (23,), (34,)]
2025-04-29 07:06:23,637 - gomoku - INFO - 模型保存至 checkpoints\checkpoint_7_7.pth
2025-04-29 07:06:23,638 - gomoku - INFO - 保存检查点到 checkpoint_7_7.pth
2025-04-29 07:06:23,638 - gomoku - INFO - 迭代完成，耗时: 946.52秒
2025-04-29 07:06:23,638 - gomoku - INFO - 
===== 迭代 8/30 =====
2025-04-29 07:06:23,638 - gomoku - INFO - 开始 100 局自我对弈...
2025-04-29 07:22:10,261 - gomoku - INFO - 训练神经网络...
2025-04-29 07:22:10,262 - gomoku - ERROR - 训练出错: 不一致的策略形状: [(42,), (33,), (44,), (45,), (44,), (43,), (21,), (25,), (30,), (41,), (29,), (34,), (34,), (25,), (34,), (48,), (33,), (26,), (42,), (47,), (45,), (49,), (38,), (25,), (23,), (26,), (40,), (35,), (33,), (48,), (32,), (42,), (36,), (17,), (30,), (35,), (19,), (37,), (18,), (8,), (49,), (38,), (42,), (48,), (44,), (44,), (34,), (41,), (23,), (36,), (33,), (37,), (10,), (38,), (33,), (47,), (32,), (26,), (29,), (48,), (45,), (27,), (28,), (26,)]
2025-04-29 07:22:10,262 - gomoku - ERROR - 状态形状: [(7, 7), (7, 7), (7, 7), (7, 7), (7, 7), (7, 7), (7, 7), (7, 7), (7, 7), (7, 7), (7, 7), (7, 7), (7, 7), (7, 7), (7, 7), (7, 7), (7, 7), (7, 7), (7, 7), (7, 7), (7, 7), (7, 7), (7, 7), (7, 7), (7, 7), (7, 7), (7, 7), (7, 7), (7, 7), (7, 7), (7, 7), (7, 7), (7, 7), (7, 7), (7, 7), (7, 7), (7, 7), (7, 7), (7, 7), (7, 7), (7, 7), (7, 7), (7, 7), (7, 7), (7, 7), (7, 7), (7, 7), (7, 7), (7, 7), (7, 7), (7, 7), (7, 7), (7, 7), (7, 7), (7, 7), (7, 7), (7, 7), (7, 7), (7, 7), (7, 7), (7, 7), (7, 7), (7, 7), (7, 7)]
2025-04-29 07:22:10,262 - gomoku - ERROR - 策略形状: [(42,), (33,), (44,), (45,), (44,), (43,), (21,), (25,), (30,), (41,), (29,), (34,), (34,), (25,), (34,), (48,), (33,), (26,), (42,), (47,), (45,), (49,), (38,), (25,), (23,), (26,), (40,), (35,), (33,), (48,), (32,), (42,), (36,), (17,), (30,), (35,), (19,), (37,), (18,), (8,), (49,), (38,), (42,), (48,), (44,), (44,), (34,), (41,), (23,), (36,), (33,), (37,), (10,), (38,), (33,), (47,), (32,), (26,), (29,), (48,), (45,), (27,), (28,), (26,)]
2025-04-29 07:22:10,268 - gomoku - INFO - 模型保存至 checkpoints\checkpoint_7_8.pth
2025-04-29 07:22:10,268 - gomoku - INFO - 保存检查点到 checkpoint_7_8.pth
2025-04-29 07:22:10,269 - gomoku - INFO - 迭代完成，耗时: 946.63秒
2025-04-29 07:22:10,269 - gomoku - INFO - 
===== 迭代 9/30 =====
2025-04-29 07:22:10,269 - gomoku - INFO - 开始 100 局自我对弈...
2025-04-29 07:38:15,156 - gomoku - INFO - 训练神经网络...
2025-04-29 07:38:15,156 - gomoku - ERROR - 训练出错: 不一致的策略形状: [(43,), (29,), (48,), (46,), (35,), (33,), (26,), (44,), (39,), (38,), (11,), (22,), (37,), (47,), (24,), (31,), (36,), (3,), (39,), (25,), (26,), (11,), (34,), (38,), (25,), (26,), (34,), (9,), (33,), (24,), (29,), (38,), (26,), (37,), (27,), (35,), (36,), (29,), (42,), (40,), (30,), (46,), (49,), (36,), (37,), (34,), (38,), (30,), (44,), (31,), (26,), (41,), (45,), (29,), (36,), (36,), (37,), (42,), (45,), (43,), (36,), (34,), (24,), (42,)]
2025-04-29 07:38:15,156 - gomoku - ERROR - 状态形状: [(7, 7), (7, 7), (7, 7), (7, 7), (7, 7), (7, 7), (7, 7), (7, 7), (7, 7), (7, 7), (7, 7), (7, 7), (7, 7), (7, 7), (7, 7), (7, 7), (7, 7), (7, 7), (7, 7), (7, 7), (7, 7), (7, 7), (7, 7), (7, 7), (7, 7), (7, 7), (7, 7), (7, 7), (7, 7), (7, 7), (7, 7), (7, 7), (7, 7), (7, 7), (7, 7), (7, 7), (7, 7), (7, 7), (7, 7), (7, 7), (7, 7), (7, 7), (7, 7), (7, 7), (7, 7), (7, 7), (7, 7), (7, 7), (7, 7), (7, 7), (7, 7), (7, 7), (7, 7), (7, 7), (7, 7), (7, 7), (7, 7), (7, 7), (7, 7), (7, 7), (7, 7), (7, 7), (7, 7), (7, 7)]
2025-04-29 07:38:15,156 - gomoku - ERROR - 策略形状: [(43,), (29,), (48,), (46,), (35,), (33,), (26,), (44,), (39,), (38,), (11,), (22,), (37,), (47,), (24,), (31,), (36,), (3,), (39,), (25,), (26,), (11,), (34,), (38,), (25,), (26,), (34,), (9,), (33,), (24,), (29,), (38,), (26,), (37,), (27,), (35,), (36,), (29,), (42,), (40,), (30,), (46,), (49,), (36,), (37,), (34,), (38,), (30,), (44,), (31,), (26,), (41,), (45,), (29,), (36,), (36,), (37,), (42,), (45,), (43,), (36,), (34,), (24,), (42,)]
2025-04-29 07:38:15,163 - gomoku - INFO - 模型保存至 checkpoints\checkpoint_7_9.pth
2025-04-29 07:38:15,163 - gomoku - INFO - 保存检查点到 checkpoint_7_9.pth
2025-04-29 07:38:15,164 - gomoku - INFO - 迭代完成，耗时: 964.90秒
2025-04-29 07:38:15,164 - gomoku - INFO - 
===== 迭代 10/30 =====
2025-04-29 07:38:15,164 - gomoku - INFO - 开始 100 局自我对弈...
2025-04-29 07:54:05,545 - gomoku - INFO - 训练神经网络...
2025-04-29 07:54:05,545 - gomoku - ERROR - 训练出错: 不一致的策略形状: [(45,), (39,), (44,), (35,), (23,), (1,), (18,), (42,), (32,), (3,), (40,), (22,), (38,), (29,), (44,), (47,), (41,), (47,), (14,), (11,), (48,), (36,), (24,), (39,), (41,), (44,), (27,), (33,), (35,), (17,), (4,), (46,), (33,), (34,), (37,), (27,), (16,), (32,), (36,), (34,), (10,), (33,), (33,), (14,), (47,), (22,), (47,), (42,), (42,), (43,), (41,), (33,), (38,), (36,), (23,), (33,), (32,), (37,), (5,), (48,), (49,), (34,), (48,), (39,)]
2025-04-29 07:54:05,545 - gomoku - ERROR - 状态形状: [(7, 7), (7, 7), (7, 7), (7, 7), (7, 7), (7, 7), (7, 7), (7, 7), (7, 7), (7, 7), (7, 7), (7, 7), (7, 7), (7, 7), (7, 7), (7, 7), (7, 7), (7, 7), (7, 7), (7, 7), (7, 7), (7, 7), (7, 7), (7, 7), (7, 7), (7, 7), (7, 7), (7, 7), (7, 7), (7, 7), (7, 7), (7, 7), (7, 7), (7, 7), (7, 7), (7, 7), (7, 7), (7, 7), (7, 7), (7, 7), (7, 7), (7, 7), (7, 7), (7, 7), (7, 7), (7, 7), (7, 7), (7, 7), (7, 7), (7, 7), (7, 7), (7, 7), (7, 7), (7, 7), (7, 7), (7, 7), (7, 7), (7, 7), (7, 7), (7, 7), (7, 7), (7, 7), (7, 7), (7, 7)]
2025-04-29 07:54:05,545 - gomoku - ERROR - 策略形状: [(45,), (39,), (44,), (35,), (23,), (1,), (18,), (42,), (32,), (3,), (40,), (22,), (38,), (29,), (44,), (47,), (41,), (47,), (14,), (11,), (48,), (36,), (24,), (39,), (41,), (44,), (27,), (33,), (35,), (17,), (4,), (46,), (33,), (34,), (37,), (27,), (16,), (32,), (36,), (34,), (10,), (33,), (33,), (14,), (47,), (22,), (47,), (42,), (42,), (43,), (41,), (33,), (38,), (36,), (23,), (33,), (32,), (37,), (5,), (48,), (49,), (34,), (48,), (39,)]
2025-04-29 07:54:05,553 - gomoku - INFO - 模型保存至 checkpoints\checkpoint_7_10.pth
2025-04-29 07:54:05,553 - gomoku - INFO - 保存检查点到 checkpoint_7_10.pth
2025-04-29 07:54:05,554 - gomoku - INFO - 迭代完成，耗时: 950.39秒
2025-04-29 07:54:05,554 - gomoku - INFO - 
===== 迭代 11/30 =====
2025-04-29 07:54:05,554 - gomoku - INFO - 开始 100 局自我对弈...
2025-04-29 08:09:21,029 - gomoku - INFO - 训练神经网络...
2025-04-29 08:09:21,029 - gomoku - ERROR - 训练出错: 不一致的策略形状: [(36,), (42,), (39,), (22,), (6,), (34,), (35,), (40,), (44,), (25,), (38,), (34,), (11,), (37,), (12,), (45,), (46,), (39,), (27,), (36,), (33,), (15,), (42,), (32,), (46,), (18,), (23,), (22,), (48,), (43,), (26,), (38,), (21,), (25,), (17,), (12,), (45,), (42,), (44,), (25,), (33,), (42,), (47,), (33,), (38,), (27,), (42,), (37,), (47,), (8,), (37,), (31,), (33,), (23,), (37,), (29,), (43,), (33,), (37,), (11,), (25,), (30,), (34,), (43,)]
2025-04-29 08:09:21,029 - gomoku - ERROR - 状态形状: [(7, 7), (7, 7), (7, 7), (7, 7), (7, 7), (7, 7), (7, 7), (7, 7), (7, 7), (7, 7), (7, 7), (7, 7), (7, 7), (7, 7), (7, 7), (7, 7), (7, 7), (7, 7), (7, 7), (7, 7), (7, 7), (7, 7), (7, 7), (7, 7), (7, 7), (7, 7), (7, 7), (7, 7), (7, 7), (7, 7), (7, 7), (7, 7), (7, 7), (7, 7), (7, 7), (7, 7), (7, 7), (7, 7), (7, 7), (7, 7), (7, 7), (7, 7), (7, 7), (7, 7), (7, 7), (7, 7), (7, 7), (7, 7), (7, 7), (7, 7), (7, 7), (7, 7), (7, 7), (7, 7), (7, 7), (7, 7), (7, 7), (7, 7), (7, 7), (7, 7), (7, 7), (7, 7), (7, 7), (7, 7)]
2025-04-29 08:09:21,030 - gomoku - ERROR - 策略形状: [(36,), (42,), (39,), (22,), (6,), (34,), (35,), (40,), (44,), (25,), (38,), (34,), (11,), (37,), (12,), (45,), (46,), (39,), (27,), (36,), (33,), (15,), (42,), (32,), (46,), (18,), (23,), (22,), (48,), (43,), (26,), (38,), (21,), (25,), (17,), (12,), (45,), (42,), (44,), (25,), (33,), (42,), (47,), (33,), (38,), (27,), (42,), (37,), (47,), (8,), (37,), (31,), (33,), (23,), (37,), (29,), (43,), (33,), (37,), (11,), (25,), (30,), (34,), (43,)]
2025-04-29 08:09:21,036 - gomoku - INFO - 模型保存至 checkpoints\checkpoint_7_11.pth
2025-04-29 08:09:21,036 - gomoku - INFO - 保存检查点到 checkpoint_7_11.pth
2025-04-29 08:09:21,036 - gomoku - INFO - 迭代完成，耗时: 915.48秒
2025-04-29 08:09:21,037 - gomoku - INFO - 
===== 迭代 12/30 =====
2025-04-29 08:09:21,037 - gomoku - INFO - 开始 100 局自我对弈...
2025-04-29 08:26:26,449 - gomoku - INFO - 训练神经网络...
2025-04-29 08:26:26,450 - gomoku - ERROR - 训练出错: 不一致的策略形状: [(31,), (20,), (34,), (32,), (27,), (32,), (42,), (38,), (10,), (34,), (44,), (13,), (42,), (44,), (35,), (46,), (31,), (23,), (46,), (40,), (31,), (43,), (33,), (43,), (25,), (26,), (48,), (18,), (44,), (18,), (46,), (13,), (26,), (31,), (36,), (35,), (35,), (32,), (41,), (30,), (23,), (30,), (31,), (24,), (27,), (28,), (34,), (23,), (46,), (39,), (43,), (45,), (20,), (29,), (32,), (39,), (10,), (33,), (20,), (45,), (15,), (28,), (42,), (30,)]
2025-04-29 08:26:26,451 - gomoku - ERROR - 状态形状: [(7, 7), (7, 7), (7, 7), (7, 7), (7, 7), (7, 7), (7, 7), (7, 7), (7, 7), (7, 7), (7, 7), (7, 7), (7, 7), (7, 7), (7, 7), (7, 7), (7, 7), (7, 7), (7, 7), (7, 7), (7, 7), (7, 7), (7, 7), (7, 7), (7, 7), (7, 7), (7, 7), (7, 7), (7, 7), (7, 7), (7, 7), (7, 7), (7, 7), (7, 7), (7, 7), (7, 7), (7, 7), (7, 7), (7, 7), (7, 7), (7, 7), (7, 7), (7, 7), (7, 7), (7, 7), (7, 7), (7, 7), (7, 7), (7, 7), (7, 7), (7, 7), (7, 7), (7, 7), (7, 7), (7, 7), (7, 7), (7, 7), (7, 7), (7, 7), (7, 7), (7, 7), (7, 7), (7, 7), (7, 7)]
2025-04-29 08:26:26,451 - gomoku - ERROR - 策略形状: [(31,), (20,), (34,), (32,), (27,), (32,), (42,), (38,), (10,), (34,), (44,), (13,), (42,), (44,), (35,), (46,), (31,), (23,), (46,), (40,), (31,), (43,), (33,), (43,), (25,), (26,), (48,), (18,), (44,), (18,), (46,), (13,), (26,), (31,), (36,), (35,), (35,), (32,), (41,), (30,), (23,), (30,), (31,), (24,), (27,), (28,), (34,), (23,), (46,), (39,), (43,), (45,), (20,), (29,), (32,), (39,), (10,), (33,), (20,), (45,), (15,), (28,), (42,), (30,)]
2025-04-29 08:26:26,459 - gomoku - INFO - 模型保存至 checkpoints\checkpoint_7_12.pth
2025-04-29 08:26:26,459 - gomoku - INFO - 保存检查点到 checkpoint_7_12.pth
2025-04-29 08:26:26,460 - gomoku - INFO - 迭代完成，耗时: 1025.42秒
2025-04-29 08:26:26,460 - gomoku - INFO - 
===== 迭代 13/30 =====
2025-04-29 08:26:26,460 - gomoku - INFO - 开始 100 局自我对弈...
2025-04-29 08:43:00,682 - gomoku - INFO - 训练神经网络...
2025-04-29 08:43:00,683 - gomoku - ERROR - 训练出错: 不一致的策略形状: [(45,), (18,), (47,), (1,), (36,), (40,), (38,), (46,), (1,), (34,), (49,), (46,), (38,), (43,), (42,), (36,), (14,), (22,), (34,), (43,), (29,), (48,), (30,), (46,), (37,), (11,), (13,), (29,), (13,), (29,), (27,), (45,), (12,), (17,), (17,), (36,), (37,), (26,), (19,), (40,), (47,), (9,), (20,), (46,), (31,), (37,), (47,), (18,), (29,), (39,), (30,), (36,), (44,), (9,), (44,), (47,), (31,), (47,), (46,), (49,), (49,), (43,), (46,), (43,)]
2025-04-29 08:43:00,683 - gomoku - ERROR - 状态形状: [(7, 7), (7, 7), (7, 7), (7, 7), (7, 7), (7, 7), (7, 7), (7, 7), (7, 7), (7, 7), (7, 7), (7, 7), (7, 7), (7, 7), (7, 7), (7, 7), (7, 7), (7, 7), (7, 7), (7, 7), (7, 7), (7, 7), (7, 7), (7, 7), (7, 7), (7, 7), (7, 7), (7, 7), (7, 7), (7, 7), (7, 7), (7, 7), (7, 7), (7, 7), (7, 7), (7, 7), (7, 7), (7, 7), (7, 7), (7, 7), (7, 7), (7, 7), (7, 7), (7, 7), (7, 7), (7, 7), (7, 7), (7, 7), (7, 7), (7, 7), (7, 7), (7, 7), (7, 7), (7, 7), (7, 7), (7, 7), (7, 7), (7, 7), (7, 7), (7, 7), (7, 7), (7, 7), (7, 7), (7, 7)]
2025-04-29 08:43:00,683 - gomoku - ERROR - 策略形状: [(45,), (18,), (47,), (1,), (36,), (40,), (38,), (46,), (1,), (34,), (49,), (46,), (38,), (43,), (42,), (36,), (14,), (22,), (34,), (43,), (29,), (48,), (30,), (46,), (37,), (11,), (13,), (29,), (13,), (29,), (27,), (45,), (12,), (17,), (17,), (36,), (37,), (26,), (19,), (40,), (47,), (9,), (20,), (46,), (31,), (37,), (47,), (18,), (29,), (39,), (30,), (36,), (44,), (9,), (44,), (47,), (31,), (47,), (46,), (49,), (49,), (43,), (46,), (43,)]
2025-04-29 08:43:00,689 - gomoku - INFO - 模型保存至 checkpoints\checkpoint_7_13.pth
2025-04-29 08:43:00,689 - gomoku - INFO - 保存检查点到 checkpoint_7_13.pth
2025-04-29 08:43:00,690 - gomoku - INFO - 迭代完成，耗时: 994.23秒
2025-04-29 08:43:00,690 - gomoku - INFO - 
===== 迭代 14/30 =====
2025-04-29 08:43:00,690 - gomoku - INFO - 开始 100 局自我对弈...
2025-04-29 08:59:08,815 - gomoku - INFO - 训练神经网络...
2025-04-29 08:59:08,816 - gomoku - ERROR - 训练出错: 不一致的策略形状: [(25,), (33,), (42,), (32,), (34,), (36,), (40,), (46,), (31,), (42,), (49,), (34,), (32,), (38,), (21,), (31,), (44,), (41,), (38,), (27,), (21,), (32,), (24,), (21,), (49,), (49,), (30,), (40,), (40,), (34,), (47,), (24,), (39,), (47,), (46,), (35,), (33,), (39,), (41,), (30,), (35,), (29,), (37,), (16,), (24,), (38,), (32,), (24,), (29,), (29,), (45,), (36,), (39,), (25,), (45,), (27,), (28,), (48,), (26,), (49,), (34,), (46,), (39,), (30,)]
2025-04-29 08:59:08,816 - gomoku - ERROR - 状态形状: [(7, 7), (7, 7), (7, 7), (7, 7), (7, 7), (7, 7), (7, 7), (7, 7), (7, 7), (7, 7), (7, 7), (7, 7), (7, 7), (7, 7), (7, 7), (7, 7), (7, 7), (7, 7), (7, 7), (7, 7), (7, 7), (7, 7), (7, 7), (7, 7), (7, 7), (7, 7), (7, 7), (7, 7), (7, 7), (7, 7), (7, 7), (7, 7), (7, 7), (7, 7), (7, 7), (7, 7), (7, 7), (7, 7), (7, 7), (7, 7), (7, 7), (7, 7), (7, 7), (7, 7), (7, 7), (7, 7), (7, 7), (7, 7), (7, 7), (7, 7), (7, 7), (7, 7), (7, 7), (7, 7), (7, 7), (7, 7), (7, 7), (7, 7), (7, 7), (7, 7), (7, 7), (7, 7), (7, 7), (7, 7)]
2025-04-29 08:59:08,816 - gomoku - ERROR - 策略形状: [(25,), (33,), (42,), (32,), (34,), (36,), (40,), (46,), (31,), (42,), (49,), (34,), (32,), (38,), (21,), (31,), (44,), (41,), (38,), (27,), (21,), (32,), (24,), (21,), (49,), (49,), (30,), (40,), (40,), (34,), (47,), (24,), (39,), (47,), (46,), (35,), (33,), (39,), (41,), (30,), (35,), (29,), (37,), (16,), (24,), (38,), (32,), (24,), (29,), (29,), (45,), (36,), (39,), (25,), (45,), (27,), (28,), (48,), (26,), (49,), (34,), (46,), (39,), (30,)]
2025-04-29 08:59:08,822 - gomoku - INFO - 模型保存至 checkpoints\checkpoint_7_14.pth
2025-04-29 08:59:08,823 - gomoku - INFO - 保存检查点到 checkpoint_7_14.pth
2025-04-29 08:59:08,823 - gomoku - INFO - 迭代完成，耗时: 968.13秒
2025-04-29 08:59:08,823 - gomoku - INFO - 
===== 迭代 15/30 =====
2025-04-29 08:59:08,823 - gomoku - INFO - 开始 100 局自我对弈...
2025-04-29 09:15:23,540 - gomoku - INFO - 训练神经网络...
2025-04-29 09:15:23,541 - gomoku - ERROR - 训练出错: 不一致的策略形状: [(25,), (42,), (40,), (35,), (28,), (46,), (46,), (37,), (28,), (39,), (22,), (40,), (48,), (38,), (26,), (42,), (37,), (35,), (21,), (29,), (37,), (45,), (36,), (41,), (34,), (4,), (2,), (33,), (22,), (22,), (37,), (37,), (32,), (49,), (28,), (42,), (49,), (40,), (36,), (40,), (34,), (8,), (26,), (27,), (29,), (46,), (42,), (27,), (18,), (28,), (49,), (36,), (18,), (45,), (34,), (44,), (34,), (34,), (30,), (31,), (32,), (45,), (22,), (33,)]
2025-04-29 09:15:23,541 - gomoku - ERROR - 状态形状: [(7, 7), (7, 7), (7, 7), (7, 7), (7, 7), (7, 7), (7, 7), (7, 7), (7, 7), (7, 7), (7, 7), (7, 7), (7, 7), (7, 7), (7, 7), (7, 7), (7, 7), (7, 7), (7, 7), (7, 7), (7, 7), (7, 7), (7, 7), (7, 7), (7, 7), (7, 7), (7, 7), (7, 7), (7, 7), (7, 7), (7, 7), (7, 7), (7, 7), (7, 7), (7, 7), (7, 7), (7, 7), (7, 7), (7, 7), (7, 7), (7, 7), (7, 7), (7, 7), (7, 7), (7, 7), (7, 7), (7, 7), (7, 7), (7, 7), (7, 7), (7, 7), (7, 7), (7, 7), (7, 7), (7, 7), (7, 7), (7, 7), (7, 7), (7, 7), (7, 7), (7, 7), (7, 7), (7, 7), (7, 7)]
2025-04-29 09:15:23,541 - gomoku - ERROR - 策略形状: [(25,), (42,), (40,), (35,), (28,), (46,), (46,), (37,), (28,), (39,), (22,), (40,), (48,), (38,), (26,), (42,), (37,), (35,), (21,), (29,), (37,), (45,), (36,), (41,), (34,), (4,), (2,), (33,), (22,), (22,), (37,), (37,), (32,), (49,), (28,), (42,), (49,), (40,), (36,), (40,), (34,), (8,), (26,), (27,), (29,), (46,), (42,), (27,), (18,), (28,), (49,), (36,), (18,), (45,), (34,), (44,), (34,), (34,), (30,), (31,), (32,), (45,), (22,), (33,)]
2025-04-29 09:15:23,548 - gomoku - INFO - 模型保存至 checkpoints\checkpoint_7_15.pth
2025-04-29 09:15:23,548 - gomoku - INFO - 保存检查点到 checkpoint_7_15.pth
2025-04-29 09:15:23,549 - gomoku - INFO - 迭代完成，耗时: 974.73秒
2025-04-29 09:15:23,549 - gomoku - INFO - 
===== 迭代 16/30 =====
2025-04-29 09:15:23,549 - gomoku - INFO - 开始 100 局自我对弈...
2025-04-29 09:31:07,884 - gomoku - INFO - 训练神经网络...
2025-04-29 09:31:07,885 - gomoku - ERROR - 训练出错: 不一致的策略形状: [(34,), (30,), (13,), (41,), (2,), (36,), (43,), (40,), (37,), (47,), (34,), (37,), (39,), (24,), (36,), (49,), (36,), (30,), (39,), (38,), (47,), (26,), (49,), (22,), (6,), (44,), (36,), (37,), (38,), (35,), (27,), (42,), (17,), (36,), (49,), (33,), (30,), (37,), (23,), (30,), (27,), (39,), (14,), (35,), (38,), (33,), (34,), (32,), (36,), (46,), (47,), (31,), (47,), (7,), (47,), (34,), (32,), (38,), (22,), (29,), (49,), (33,), (33,), (23,)]
2025-04-29 09:31:07,885 - gomoku - ERROR - 状态形状: [(7, 7), (7, 7), (7, 7), (7, 7), (7, 7), (7, 7), (7, 7), (7, 7), (7, 7), (7, 7), (7, 7), (7, 7), (7, 7), (7, 7), (7, 7), (7, 7), (7, 7), (7, 7), (7, 7), (7, 7), (7, 7), (7, 7), (7, 7), (7, 7), (7, 7), (7, 7), (7, 7), (7, 7), (7, 7), (7, 7), (7, 7), (7, 7), (7, 7), (7, 7), (7, 7), (7, 7), (7, 7), (7, 7), (7, 7), (7, 7), (7, 7), (7, 7), (7, 7), (7, 7), (7, 7), (7, 7), (7, 7), (7, 7), (7, 7), (7, 7), (7, 7), (7, 7), (7, 7), (7, 7), (7, 7), (7, 7), (7, 7), (7, 7), (7, 7), (7, 7), (7, 7), (7, 7), (7, 7), (7, 7)]
2025-04-29 09:31:07,885 - gomoku - ERROR - 策略形状: [(34,), (30,), (13,), (41,), (2,), (36,), (43,), (40,), (37,), (47,), (34,), (37,), (39,), (24,), (36,), (49,), (36,), (30,), (39,), (38,), (47,), (26,), (49,), (22,), (6,), (44,), (36,), (37,), (38,), (35,), (27,), (42,), (17,), (36,), (49,), (33,), (30,), (37,), (23,), (30,), (27,), (39,), (14,), (35,), (38,), (33,), (34,), (32,), (36,), (46,), (47,), (31,), (47,), (7,), (47,), (34,), (32,), (38,), (22,), (29,), (49,), (33,), (33,), (23,)]
2025-04-29 09:31:07,891 - gomoku - INFO - 模型保存至 checkpoints\checkpoint_7_16.pth
2025-04-29 09:31:07,891 - gomoku - INFO - 保存检查点到 checkpoint_7_16.pth
2025-04-29 09:31:07,892 - gomoku - INFO - 迭代完成，耗时: 944.34秒
2025-04-29 09:31:07,892 - gomoku - INFO - 
===== 迭代 17/30 =====
2025-04-29 09:31:07,892 - gomoku - INFO - 开始 100 局自我对弈...
2025-04-29 09:47:32,628 - gomoku - INFO - 训练神经网络...
2025-04-29 09:47:32,629 - gomoku - ERROR - 训练出错: 不一致的策略形状: [(41,), (46,), (48,), (36,), (35,), (43,), (40,), (48,), (17,), (25,), (41,), (43,), (39,), (2,), (39,), (46,), (22,), (39,), (33,), (16,), (32,), (39,), (41,), (46,), (38,), (46,), (40,), (42,), (48,), (16,), (41,), (43,), (13,), (19,), (33,), (2,), (43,), (48,), (49,), (30,), (23,), (20,), (46,), (39,), (31,), (46,), (49,), (45,), (41,), (1,), (37,), (47,), (37,), (27,), (26,), (36,), (37,), (35,), (23,), (24,), (30,), (24,), (33,), (48,)]
2025-04-29 09:47:32,629 - gomoku - ERROR - 状态形状: [(7, 7), (7, 7), (7, 7), (7, 7), (7, 7), (7, 7), (7, 7), (7, 7), (7, 7), (7, 7), (7, 7), (7, 7), (7, 7), (7, 7), (7, 7), (7, 7), (7, 7), (7, 7), (7, 7), (7, 7), (7, 7), (7, 7), (7, 7), (7, 7), (7, 7), (7, 7), (7, 7), (7, 7), (7, 7), (7, 7), (7, 7), (7, 7), (7, 7), (7, 7), (7, 7), (7, 7), (7, 7), (7, 7), (7, 7), (7, 7), (7, 7), (7, 7), (7, 7), (7, 7), (7, 7), (7, 7), (7, 7), (7, 7), (7, 7), (7, 7), (7, 7), (7, 7), (7, 7), (7, 7), (7, 7), (7, 7), (7, 7), (7, 7), (7, 7), (7, 7), (7, 7), (7, 7), (7, 7), (7, 7)]
2025-04-29 09:47:32,629 - gomoku - ERROR - 策略形状: [(41,), (46,), (48,), (36,), (35,), (43,), (40,), (48,), (17,), (25,), (41,), (43,), (39,), (2,), (39,), (46,), (22,), (39,), (33,), (16,), (32,), (39,), (41,), (46,), (38,), (46,), (40,), (42,), (48,), (16,), (41,), (43,), (13,), (19,), (33,), (2,), (43,), (48,), (49,), (30,), (23,), (20,), (46,), (39,), (31,), (46,), (49,), (45,), (41,), (1,), (37,), (47,), (37,), (27,), (26,), (36,), (37,), (35,), (23,), (24,), (30,), (24,), (33,), (48,)]
2025-04-29 09:47:32,637 - gomoku - INFO - 模型保存至 checkpoints\checkpoint_7_17.pth
2025-04-29 09:47:32,638 - gomoku - INFO - 保存检查点到 checkpoint_7_17.pth
2025-04-29 09:47:32,638 - gomoku - INFO - 迭代完成，耗时: 984.75秒
2025-04-29 09:47:32,638 - gomoku - INFO - 
===== 迭代 18/30 =====
2025-04-29 09:47:32,638 - gomoku - INFO - 开始 100 局自我对弈...
2025-04-29 10:03:47,418 - gomoku - INFO - 训练神经网络...
2025-04-29 10:03:47,419 - gomoku - ERROR - 训练出错: 不一致的策略形状: [(30,), (13,), (40,), (41,), (48,), (34,), (32,), (49,), (32,), (33,), (48,), (41,), (3,), (48,), (44,), (20,), (44,), (38,), (37,), (22,), (49,), (31,), (28,), (45,), (17,), (30,), (48,), (45,), (30,), (28,), (23,), (42,), (43,), (35,), (29,), (38,), (40,), (43,), (22,), (31,), (37,), (31,), (40,), (48,), (30,), (23,), (48,), (34,), (44,), (49,), (49,), (36,), (42,), (36,), (42,), (19,), (39,), (37,), (6,), (47,), (23,), (32,), (37,), (46,)]
2025-04-29 10:03:47,419 - gomoku - ERROR - 状态形状: [(7, 7), (7, 7), (7, 7), (7, 7), (7, 7), (7, 7), (7, 7), (7, 7), (7, 7), (7, 7), (7, 7), (7, 7), (7, 7), (7, 7), (7, 7), (7, 7), (7, 7), (7, 7), (7, 7), (7, 7), (7, 7), (7, 7), (7, 7), (7, 7), (7, 7), (7, 7), (7, 7), (7, 7), (7, 7), (7, 7), (7, 7), (7, 7), (7, 7), (7, 7), (7, 7), (7, 7), (7, 7), (7, 7), (7, 7), (7, 7), (7, 7), (7, 7), (7, 7), (7, 7), (7, 7), (7, 7), (7, 7), (7, 7), (7, 7), (7, 7), (7, 7), (7, 7), (7, 7), (7, 7), (7, 7), (7, 7), (7, 7), (7, 7), (7, 7), (7, 7), (7, 7), (7, 7), (7, 7), (7, 7)]
2025-04-29 10:03:47,419 - gomoku - ERROR - 策略形状: [(30,), (13,), (40,), (41,), (48,), (34,), (32,), (49,), (32,), (33,), (48,), (41,), (3,), (48,), (44,), (20,), (44,), (38,), (37,), (22,), (49,), (31,), (28,), (45,), (17,), (30,), (48,), (45,), (30,), (28,), (23,), (42,), (43,), (35,), (29,), (38,), (40,), (43,), (22,), (31,), (37,), (31,), (40,), (48,), (30,), (23,), (48,), (34,), (44,), (49,), (49,), (36,), (42,), (36,), (42,), (19,), (39,), (37,), (6,), (47,), (23,), (32,), (37,), (46,)]
2025-04-29 10:03:47,427 - gomoku - INFO - 模型保存至 checkpoints\checkpoint_7_18.pth
2025-04-29 10:03:47,427 - gomoku - INFO - 保存检查点到 checkpoint_7_18.pth
2025-04-29 10:03:47,428 - gomoku - INFO - 迭代完成，耗时: 974.79秒
2025-04-29 10:03:47,428 - gomoku - INFO - 
===== 迭代 19/30 =====
2025-04-29 10:03:47,428 - gomoku - INFO - 开始 100 局自我对弈...
2025-04-29 10:20:25,919 - gomoku - INFO - 训练神经网络...
2025-04-29 10:20:25,920 - gomoku - ERROR - 训练出错: 不一致的策略形状: [(41,), (23,), (23,), (15,), (26,), (40,), (34,), (38,), (32,), (16,), (20,), (37,), (25,), (37,), (38,), (26,), (24,), (47,), (18,), (45,), (40,), (25,), (49,), (22,), (37,), (37,), (10,), (42,), (11,), (48,), (43,), (35,), (31,), (24,), (22,), (20,), (48,), (46,), (20,), (31,), (8,), (41,), (45,), (36,), (49,), (47,), (36,), (37,), (48,), (24,), (49,), (41,), (42,), (10,), (47,), (28,), (40,), (19,), (32,), (22,), (38,), (34,), (35,), (45,)]
2025-04-29 10:20:25,920 - gomoku - ERROR - 状态形状: [(7, 7), (7, 7), (7, 7), (7, 7), (7, 7), (7, 7), (7, 7), (7, 7), (7, 7), (7, 7), (7, 7), (7, 7), (7, 7), (7, 7), (7, 7), (7, 7), (7, 7), (7, 7), (7, 7), (7, 7), (7, 7), (7, 7), (7, 7), (7, 7), (7, 7), (7, 7), (7, 7), (7, 7), (7, 7), (7, 7), (7, 7), (7, 7), (7, 7), (7, 7), (7, 7), (7, 7), (7, 7), (7, 7), (7, 7), (7, 7), (7, 7), (7, 7), (7, 7), (7, 7), (7, 7), (7, 7), (7, 7), (7, 7), (7, 7), (7, 7), (7, 7), (7, 7), (7, 7), (7, 7), (7, 7), (7, 7), (7, 7), (7, 7), (7, 7), (7, 7), (7, 7), (7, 7), (7, 7), (7, 7)]
2025-04-29 10:20:25,920 - gomoku - ERROR - 策略形状: [(41,), (23,), (23,), (15,), (26,), (40,), (34,), (38,), (32,), (16,), (20,), (37,), (25,), (37,), (38,), (26,), (24,), (47,), (18,), (45,), (40,), (25,), (49,), (22,), (37,), (37,), (10,), (42,), (11,), (48,), (43,), (35,), (31,), (24,), (22,), (20,), (48,), (46,), (20,), (31,), (8,), (41,), (45,), (36,), (49,), (47,), (36,), (37,), (48,), (24,), (49,), (41,), (42,), (10,), (47,), (28,), (40,), (19,), (32,), (22,), (38,), (34,), (35,), (45,)]
2025-04-29 10:20:25,926 - gomoku - INFO - 模型保存至 checkpoints\checkpoint_7_19.pth
2025-04-29 10:20:25,926 - gomoku - INFO - 保存检查点到 checkpoint_7_19.pth
2025-04-29 10:20:25,927 - gomoku - INFO - 迭代完成，耗时: 998.50秒
2025-04-29 10:20:25,927 - gomoku - INFO - 
===== 迭代 20/30 =====
2025-04-29 10:20:25,928 - gomoku - INFO - 开始 100 局自我对弈...
2025-04-29 10:36:57,520 - gomoku - INFO - 训练神经网络...
2025-04-29 10:36:57,520 - gomoku - ERROR - 训练出错: 不一致的策略形状: [(35,), (27,), (28,), (38,), (31,), (20,), (32,), (46,), (40,), (41,), (31,), (41,), (11,), (36,), (39,), (4,), (42,), (45,), (45,), (33,), (25,), (49,), (44,), (33,), (37,), (38,), (31,), (26,), (35,), (38,), (41,), (24,), (37,), (40,), (27,), (27,), (43,), (42,), (43,), (44,), (29,), (36,), (43,), (33,), (42,), (32,), (47,), (15,), (30,), (35,), (36,), (46,), (35,), (40,), (42,), (12,), (39,), (31,), (38,), (40,), (48,), (47,), (29,), (25,)]
2025-04-29 10:36:57,520 - gomoku - ERROR - 状态形状: [(7, 7), (7, 7), (7, 7), (7, 7), (7, 7), (7, 7), (7, 7), (7, 7), (7, 7), (7, 7), (7, 7), (7, 7), (7, 7), (7, 7), (7, 7), (7, 7), (7, 7), (7, 7), (7, 7), (7, 7), (7, 7), (7, 7), (7, 7), (7, 7), (7, 7), (7, 7), (7, 7), (7, 7), (7, 7), (7, 7), (7, 7), (7, 7), (7, 7), (7, 7), (7, 7), (7, 7), (7, 7), (7, 7), (7, 7), (7, 7), (7, 7), (7, 7), (7, 7), (7, 7), (7, 7), (7, 7), (7, 7), (7, 7), (7, 7), (7, 7), (7, 7), (7, 7), (7, 7), (7, 7), (7, 7), (7, 7), (7, 7), (7, 7), (7, 7), (7, 7), (7, 7), (7, 7), (7, 7), (7, 7)]
2025-04-29 10:36:57,520 - gomoku - ERROR - 策略形状: [(35,), (27,), (28,), (38,), (31,), (20,), (32,), (46,), (40,), (41,), (31,), (41,), (11,), (36,), (39,), (4,), (42,), (45,), (45,), (33,), (25,), (49,), (44,), (33,), (37,), (38,), (31,), (26,), (35,), (38,), (41,), (24,), (37,), (40,), (27,), (27,), (43,), (42,), (43,), (44,), (29,), (36,), (43,), (33,), (42,), (32,), (47,), (15,), (30,), (35,), (36,), (46,), (35,), (40,), (42,), (12,), (39,), (31,), (38,), (40,), (48,), (47,), (29,), (25,)]
2025-04-29 10:36:57,527 - gomoku - INFO - 模型保存至 checkpoints\checkpoint_7_20.pth
2025-04-29 10:36:57,527 - gomoku - INFO - 保存检查点到 checkpoint_7_20.pth
2025-04-29 10:36:57,527 - gomoku - INFO - 迭代完成，耗时: 991.60秒
2025-04-29 10:36:57,527 - gomoku - INFO - 
===== 迭代 21/30 =====
2025-04-29 10:36:57,527 - gomoku - INFO - 开始 100 局自我对弈...
2025-04-29 10:51:53,549 - gomoku - INFO - 训练神经网络...
2025-04-29 10:51:53,549 - gomoku - ERROR - 训练出错: 不一致的策略形状: [(39,), (35,), (31,), (35,), (48,), (44,), (49,), (28,), (39,), (33,), (23,), (21,), (28,), (43,), (44,), (44,), (47,), (43,), (32,), (45,), (25,), (39,), (34,), (45,), (49,), (42,), (45,), (25,), (38,), (21,), (39,), (46,), (45,), (48,), (40,), (47,), (37,), (46,), (47,), (6,), (28,), (46,), (37,), (42,), (39,), (30,), (35,), (36,), (28,), (31,), (31,), (46,), (24,), (39,), (30,), (11,), (23,), (30,), (38,), (37,), (41,), (39,), (30,), (35,)]
2025-04-29 10:51:53,549 - gomoku - ERROR - 状态形状: [(7, 7), (7, 7), (7, 7), (7, 7), (7, 7), (7, 7), (7, 7), (7, 7), (7, 7), (7, 7), (7, 7), (7, 7), (7, 7), (7, 7), (7, 7), (7, 7), (7, 7), (7, 7), (7, 7), (7, 7), (7, 7), (7, 7), (7, 7), (7, 7), (7, 7), (7, 7), (7, 7), (7, 7), (7, 7), (7, 7), (7, 7), (7, 7), (7, 7), (7, 7), (7, 7), (7, 7), (7, 7), (7, 7), (7, 7), (7, 7), (7, 7), (7, 7), (7, 7), (7, 7), (7, 7), (7, 7), (7, 7), (7, 7), (7, 7), (7, 7), (7, 7), (7, 7), (7, 7), (7, 7), (7, 7), (7, 7), (7, 7), (7, 7), (7, 7), (7, 7), (7, 7), (7, 7), (7, 7), (7, 7)]
2025-04-29 10:51:53,549 - gomoku - ERROR - 策略形状: [(39,), (35,), (31,), (35,), (48,), (44,), (49,), (28,), (39,), (33,), (23,), (21,), (28,), (43,), (44,), (44,), (47,), (43,), (32,), (45,), (25,), (39,), (34,), (45,), (49,), (42,), (45,), (25,), (38,), (21,), (39,), (46,), (45,), (48,), (40,), (47,), (37,), (46,), (47,), (6,), (28,), (46,), (37,), (42,), (39,), (30,), (35,), (36,), (28,), (31,), (31,), (46,), (24,), (39,), (30,), (11,), (23,), (30,), (38,), (37,), (41,), (39,), (30,), (35,)]
2025-04-29 10:51:53,555 - gomoku - INFO - 模型保存至 checkpoints\checkpoint_7_21.pth
2025-04-29 10:51:53,555 - gomoku - INFO - 保存检查点到 checkpoint_7_21.pth
2025-04-29 10:51:53,556 - gomoku - INFO - 迭代完成，耗时: 896.03秒
2025-04-29 10:51:53,556 - gomoku - INFO - 
===== 迭代 22/30 =====
2025-04-29 10:51:53,556 - gomoku - INFO - 开始 100 局自我对弈...
2025-04-29 11:07:52,203 - gomoku - INFO - 训练神经网络...
2025-04-29 11:07:52,204 - gomoku - ERROR - 训练出错: 不一致的策略形状: [(6,), (43,), (45,), (27,), (34,), (5,), (23,), (21,), (39,), (27,), (34,), (3,), (34,), (49,), (36,), (37,), (35,), (33,), (37,), (45,), (13,), (5,), (32,), (26,), (35,), (49,), (25,), (26,), (26,), (36,), (46,), (31,), (45,), (26,), (47,), (45,), (38,), (27,), (16,), (40,), (8,), (33,), (8,), (23,), (46,), (45,), (3,), (47,), (24,), (4,), (36,), (45,), (39,), (40,), (40,), (36,), (31,), (47,), (33,), (27,), (48,), (6,), (32,), (33,)]
2025-04-29 11:07:52,204 - gomoku - ERROR - 状态形状: [(7, 7), (7, 7), (7, 7), (7, 7), (7, 7), (7, 7), (7, 7), (7, 7), (7, 7), (7, 7), (7, 7), (7, 7), (7, 7), (7, 7), (7, 7), (7, 7), (7, 7), (7, 7), (7, 7), (7, 7), (7, 7), (7, 7), (7, 7), (7, 7), (7, 7), (7, 7), (7, 7), (7, 7), (7, 7), (7, 7), (7, 7), (7, 7), (7, 7), (7, 7), (7, 7), (7, 7), (7, 7), (7, 7), (7, 7), (7, 7), (7, 7), (7, 7), (7, 7), (7, 7), (7, 7), (7, 7), (7, 7), (7, 7), (7, 7), (7, 7), (7, 7), (7, 7), (7, 7), (7, 7), (7, 7), (7, 7), (7, 7), (7, 7), (7, 7), (7, 7), (7, 7), (7, 7), (7, 7), (7, 7)]
2025-04-29 11:07:52,204 - gomoku - ERROR - 策略形状: [(6,), (43,), (45,), (27,), (34,), (5,), (23,), (21,), (39,), (27,), (34,), (3,), (34,), (49,), (36,), (37,), (35,), (33,), (37,), (45,), (13,), (5,), (32,), (26,), (35,), (49,), (25,), (26,), (26,), (36,), (46,), (31,), (45,), (26,), (47,), (45,), (38,), (27,), (16,), (40,), (8,), (33,), (8,), (23,), (46,), (45,), (3,), (47,), (24,), (4,), (36,), (45,), (39,), (40,), (40,), (36,), (31,), (47,), (33,), (27,), (48,), (6,), (32,), (33,)]
2025-04-29 11:07:52,212 - gomoku - INFO - 模型保存至 checkpoints\checkpoint_7_22.pth
2025-04-29 11:07:52,212 - gomoku - INFO - 保存检查点到 checkpoint_7_22.pth
2025-04-29 11:07:52,212 - gomoku - INFO - 迭代完成，耗时: 958.66秒
2025-04-29 11:07:52,213 - gomoku - INFO - 
===== 迭代 23/30 =====
2025-04-29 11:07:52,213 - gomoku - INFO - 开始 100 局自我对弈...
2025-04-29 11:24:33,477 - gomoku - INFO - 训练神经网络...
2025-04-29 11:24:33,478 - gomoku - ERROR - 训练出错: 不一致的策略形状: [(32,), (42,), (40,), (44,), (31,), (26,), (36,), (19,), (23,), (38,), (40,), (33,), (46,), (28,), (49,), (47,), (37,), (8,), (23,), (43,), (32,), (1,), (38,), (19,), (29,), (36,), (44,), (28,), (23,), (42,), (19,), (33,), (38,), (25,), (24,), (19,), (43,), (42,), (47,), (49,), (30,), (47,), (47,), (36,), (30,), (29,), (49,), (47,), (39,), (17,), (32,), (13,), (46,), (28,), (46,), (32,), (40,), (35,), (46,), (31,), (9,), (32,), (13,), (13,)]
2025-04-29 11:24:33,478 - gomoku - ERROR - 状态形状: [(7, 7), (7, 7), (7, 7), (7, 7), (7, 7), (7, 7), (7, 7), (7, 7), (7, 7), (7, 7), (7, 7), (7, 7), (7, 7), (7, 7), (7, 7), (7, 7), (7, 7), (7, 7), (7, 7), (7, 7), (7, 7), (7, 7), (7, 7), (7, 7), (7, 7), (7, 7), (7, 7), (7, 7), (7, 7), (7, 7), (7, 7), (7, 7), (7, 7), (7, 7), (7, 7), (7, 7), (7, 7), (7, 7), (7, 7), (7, 7), (7, 7), (7, 7), (7, 7), (7, 7), (7, 7), (7, 7), (7, 7), (7, 7), (7, 7), (7, 7), (7, 7), (7, 7), (7, 7), (7, 7), (7, 7), (7, 7), (7, 7), (7, 7), (7, 7), (7, 7), (7, 7), (7, 7), (7, 7), (7, 7)]
2025-04-29 11:24:33,478 - gomoku - ERROR - 策略形状: [(32,), (42,), (40,), (44,), (31,), (26,), (36,), (19,), (23,), (38,), (40,), (33,), (46,), (28,), (49,), (47,), (37,), (8,), (23,), (43,), (32,), (1,), (38,), (19,), (29,), (36,), (44,), (28,), (23,), (42,), (19,), (33,), (38,), (25,), (24,), (19,), (43,), (42,), (47,), (49,), (30,), (47,), (47,), (36,), (30,), (29,), (49,), (47,), (39,), (17,), (32,), (13,), (46,), (28,), (46,), (32,), (40,), (35,), (46,), (31,), (9,), (32,), (13,), (13,)]
2025-04-29 11:24:33,484 - gomoku - INFO - 模型保存至 checkpoints\checkpoint_7_23.pth
2025-04-29 11:24:33,484 - gomoku - INFO - 保存检查点到 checkpoint_7_23.pth
2025-04-29 11:24:33,485 - gomoku - INFO - 迭代完成，耗时: 1001.27秒
2025-04-29 11:24:33,485 - gomoku - INFO - 
===== 迭代 24/30 =====
2025-04-29 11:24:33,485 - gomoku - INFO - 开始 100 局自我对弈...
2025-04-29 11:42:03,552 - gomoku - INFO - 训练神经网络...
2025-04-29 11:42:03,553 - gomoku - ERROR - 训练出错: 不一致的策略形状: [(37,), (1,), (38,), (32,), (28,), (18,), (40,), (38,), (43,), (49,), (43,), (45,), (29,), (22,), (46,), (38,), (19,), (43,), (35,), (35,), (49,), (30,), (43,), (35,), (32,), (40,), (40,), (24,), (35,), (16,), (38,), (4,), (37,), (45,), (39,), (48,), (36,), (37,), (33,), (42,), (1,), (35,), (23,), (18,), (35,), (45,), (15,), (13,), (21,), (13,), (41,), (47,), (31,), (1,), (17,), (43,), (48,), (36,), (33,), (19,), (15,), (46,), (25,), (36,)]
2025-04-29 11:42:03,553 - gomoku - ERROR - 状态形状: [(7, 7), (7, 7), (7, 7), (7, 7), (7, 7), (7, 7), (7, 7), (7, 7), (7, 7), (7, 7), (7, 7), (7, 7), (7, 7), (7, 7), (7, 7), (7, 7), (7, 7), (7, 7), (7, 7), (7, 7), (7, 7), (7, 7), (7, 7), (7, 7), (7, 7), (7, 7), (7, 7), (7, 7), (7, 7), (7, 7), (7, 7), (7, 7), (7, 7), (7, 7), (7, 7), (7, 7), (7, 7), (7, 7), (7, 7), (7, 7), (7, 7), (7, 7), (7, 7), (7, 7), (7, 7), (7, 7), (7, 7), (7, 7), (7, 7), (7, 7), (7, 7), (7, 7), (7, 7), (7, 7), (7, 7), (7, 7), (7, 7), (7, 7), (7, 7), (7, 7), (7, 7), (7, 7), (7, 7), (7, 7)]
2025-04-29 11:42:03,553 - gomoku - ERROR - 策略形状: [(37,), (1,), (38,), (32,), (28,), (18,), (40,), (38,), (43,), (49,), (43,), (45,), (29,), (22,), (46,), (38,), (19,), (43,), (35,), (35,), (49,), (30,), (43,), (35,), (32,), (40,), (40,), (24,), (35,), (16,), (38,), (4,), (37,), (45,), (39,), (48,), (36,), (37,), (33,), (42,), (1,), (35,), (23,), (18,), (35,), (45,), (15,), (13,), (21,), (13,), (41,), (47,), (31,), (1,), (17,), (43,), (48,), (36,), (33,), (19,), (15,), (46,), (25,), (36,)]
2025-04-29 11:42:03,562 - gomoku - INFO - 模型保存至 checkpoints\checkpoint_7_24.pth
2025-04-29 11:42:03,562 - gomoku - INFO - 保存检查点到 checkpoint_7_24.pth
2025-04-29 11:42:03,563 - gomoku - INFO - 迭代完成，耗时: 1050.08秒
2025-04-29 11:42:03,563 - gomoku - INFO - 
===== 迭代 25/30 =====
2025-04-29 11:42:03,563 - gomoku - INFO - 开始 100 局自我对弈...
2025-04-29 11:58:25,269 - gomoku - INFO - 训练神经网络...
2025-04-29 11:58:25,269 - gomoku - ERROR - 训练出错: 不一致的策略形状: [(28,), (36,), (39,), (18,), (29,), (36,), (23,), (41,), (23,), (43,), (24,), (23,), (43,), (42,), (41,), (25,), (39,), (46,), (35,), (45,), (48,), (43,), (48,), (46,), (31,), (26,), (4,), (46,), (40,), (37,), (27,), (40,), (36,), (34,), (10,), (48,), (39,), (44,), (44,), (29,), (39,), (45,), (48,), (48,), (27,), (44,), (19,), (33,), (3,), (35,), (43,), (29,), (44,), (37,), (24,), (29,), (10,), (29,), (41,), (46,), (41,), (33,), (35,), (49,)]
2025-04-29 11:58:25,269 - gomoku - ERROR - 状态形状: [(7, 7), (7, 7), (7, 7), (7, 7), (7, 7), (7, 7), (7, 7), (7, 7), (7, 7), (7, 7), (7, 7), (7, 7), (7, 7), (7, 7), (7, 7), (7, 7), (7, 7), (7, 7), (7, 7), (7, 7), (7, 7), (7, 7), (7, 7), (7, 7), (7, 7), (7, 7), (7, 7), (7, 7), (7, 7), (7, 7), (7, 7), (7, 7), (7, 7), (7, 7), (7, 7), (7, 7), (7, 7), (7, 7), (7, 7), (7, 7), (7, 7), (7, 7), (7, 7), (7, 7), (7, 7), (7, 7), (7, 7), (7, 7), (7, 7), (7, 7), (7, 7), (7, 7), (7, 7), (7, 7), (7, 7), (7, 7), (7, 7), (7, 7), (7, 7), (7, 7), (7, 7), (7, 7), (7, 7), (7, 7)]
2025-04-29 11:58:25,269 - gomoku - ERROR - 策略形状: [(28,), (36,), (39,), (18,), (29,), (36,), (23,), (41,), (23,), (43,), (24,), (23,), (43,), (42,), (41,), (25,), (39,), (46,), (35,), (45,), (48,), (43,), (48,), (46,), (31,), (26,), (4,), (46,), (40,), (37,), (27,), (40,), (36,), (34,), (10,), (48,), (39,), (44,), (44,), (29,), (39,), (45,), (48,), (48,), (27,), (44,), (19,), (33,), (3,), (35,), (43,), (29,), (44,), (37,), (24,), (29,), (10,), (29,), (41,), (46,), (41,), (33,), (35,), (49,)]
2025-04-29 11:58:25,277 - gomoku - INFO - 模型保存至 checkpoints\checkpoint_7_25.pth
2025-04-29 11:58:25,277 - gomoku - INFO - 保存检查点到 checkpoint_7_25.pth
2025-04-29 11:58:25,277 - gomoku - INFO - 迭代完成，耗时: 981.71秒
2025-04-29 11:58:25,277 - gomoku - INFO - 
===== 迭代 26/30 =====
2025-04-29 11:58:25,277 - gomoku - INFO - 开始 100 局自我对弈...
2025-04-29 12:14:19,140 - gomoku - INFO - 训练神经网络...
2025-04-29 12:14:19,141 - gomoku - ERROR - 训练出错: 不一致的策略形状: [(33,), (15,), (37,), (33,), (46,), (4,), (16,), (20,), (40,), (30,), (22,), (30,), (23,), (41,), (1,), (49,), (16,), (43,), (8,), (43,), (34,), (35,), (44,), (25,), (13,), (47,), (48,), (26,), (30,), (32,), (28,), (38,), (23,), (26,), (38,), (31,), (26,), (44,), (16,), (29,), (39,), (43,), (31,), (46,), (47,), (48,), (1,), (31,), (1,), (3,), (31,), (43,), (33,), (44,), (24,), (47,), (28,), (47,), (31,), (36,), (25,), (34,), (23,), (48,)]
2025-04-29 12:14:19,141 - gomoku - ERROR - 状态形状: [(7, 7), (7, 7), (7, 7), (7, 7), (7, 7), (7, 7), (7, 7), (7, 7), (7, 7), (7, 7), (7, 7), (7, 7), (7, 7), (7, 7), (7, 7), (7, 7), (7, 7), (7, 7), (7, 7), (7, 7), (7, 7), (7, 7), (7, 7), (7, 7), (7, 7), (7, 7), (7, 7), (7, 7), (7, 7), (7, 7), (7, 7), (7, 7), (7, 7), (7, 7), (7, 7), (7, 7), (7, 7), (7, 7), (7, 7), (7, 7), (7, 7), (7, 7), (7, 7), (7, 7), (7, 7), (7, 7), (7, 7), (7, 7), (7, 7), (7, 7), (7, 7), (7, 7), (7, 7), (7, 7), (7, 7), (7, 7), (7, 7), (7, 7), (7, 7), (7, 7), (7, 7), (7, 7), (7, 7), (7, 7)]
2025-04-29 12:14:19,141 - gomoku - ERROR - 策略形状: [(33,), (15,), (37,), (33,), (46,), (4,), (16,), (20,), (40,), (30,), (22,), (30,), (23,), (41,), (1,), (49,), (16,), (43,), (8,), (43,), (34,), (35,), (44,), (25,), (13,), (47,), (48,), (26,), (30,), (32,), (28,), (38,), (23,), (26,), (38,), (31,), (26,), (44,), (16,), (29,), (39,), (43,), (31,), (46,), (47,), (48,), (1,), (31,), (1,), (3,), (31,), (43,), (33,), (44,), (24,), (47,), (28,), (47,), (31,), (36,), (25,), (34,), (23,), (48,)]
2025-04-29 12:14:19,147 - gomoku - INFO - 模型保存至 checkpoints\checkpoint_7_26.pth
2025-04-29 12:14:19,147 - gomoku - INFO - 保存检查点到 checkpoint_7_26.pth
2025-04-29 12:14:19,148 - gomoku - INFO - 迭代完成，耗时: 953.87秒
2025-04-29 12:14:19,148 - gomoku - INFO - 
===== 迭代 27/30 =====
2025-04-29 12:14:19,148 - gomoku - INFO - 开始 100 局自我对弈...
2025-04-29 12:29:57,927 - gomoku - INFO - 训练神经网络...
2025-04-29 12:29:57,927 - gomoku - ERROR - 训练出错: 不一致的策略形状: [(38,), (37,), (25,), (39,), (4,), (43,), (26,), (49,), (27,), (30,), (27,), (34,), (33,), (3,), (44,), (49,), (30,), (41,), (5,), (44,), (41,), (37,), (49,), (32,), (19,), (40,), (49,), (30,), (29,), (42,), (33,), (44,), (22,), (46,), (46,), (28,), (40,), (30,), (25,), (23,), (11,), (35,), (39,), (40,), (41,), (28,), (26,), (34,), (42,), (35,), (44,), (38,), (34,), (36,), (31,), (40,), (25,), (49,), (40,), (20,), (33,), (36,), (37,), (34,)]
2025-04-29 12:29:57,928 - gomoku - ERROR - 状态形状: [(7, 7), (7, 7), (7, 7), (7, 7), (7, 7), (7, 7), (7, 7), (7, 7), (7, 7), (7, 7), (7, 7), (7, 7), (7, 7), (7, 7), (7, 7), (7, 7), (7, 7), (7, 7), (7, 7), (7, 7), (7, 7), (7, 7), (7, 7), (7, 7), (7, 7), (7, 7), (7, 7), (7, 7), (7, 7), (7, 7), (7, 7), (7, 7), (7, 7), (7, 7), (7, 7), (7, 7), (7, 7), (7, 7), (7, 7), (7, 7), (7, 7), (7, 7), (7, 7), (7, 7), (7, 7), (7, 7), (7, 7), (7, 7), (7, 7), (7, 7), (7, 7), (7, 7), (7, 7), (7, 7), (7, 7), (7, 7), (7, 7), (7, 7), (7, 7), (7, 7), (7, 7), (7, 7), (7, 7), (7, 7)]
2025-04-29 12:29:57,928 - gomoku - ERROR - 策略形状: [(38,), (37,), (25,), (39,), (4,), (43,), (26,), (49,), (27,), (30,), (27,), (34,), (33,), (3,), (44,), (49,), (30,), (41,), (5,), (44,), (41,), (37,), (49,), (32,), (19,), (40,), (49,), (30,), (29,), (42,), (33,), (44,), (22,), (46,), (46,), (28,), (40,), (30,), (25,), (23,), (11,), (35,), (39,), (40,), (41,), (28,), (26,), (34,), (42,), (35,), (44,), (38,), (34,), (36,), (31,), (40,), (25,), (49,), (40,), (20,), (33,), (36,), (37,), (34,)]
2025-04-29 12:29:57,936 - gomoku - INFO - 模型保存至 checkpoints\checkpoint_7_27.pth
2025-04-29 12:29:57,936 - gomoku - INFO - 保存检查点到 checkpoint_7_27.pth
2025-04-29 12:29:57,936 - gomoku - INFO - 迭代完成，耗时: 938.79秒
2025-04-29 12:29:57,937 - gomoku - INFO - 
===== 迭代 28/30 =====
2025-04-29 12:29:57,937 - gomoku - INFO - 开始 100 局自我对弈...
2025-04-29 12:45:56,184 - gomoku - INFO - 训练神经网络...
2025-04-29 12:45:56,184 - gomoku - ERROR - 训练出错: 不一致的策略形状: [(32,), (44,), (26,), (17,), (47,), (41,), (43,), (21,), (7,), (16,), (15,), (45,), (42,), (45,), (31,), (36,), (25,), (47,), (8,), (41,), (42,), (40,), (31,), (40,), (44,), (41,), (37,), (41,), (2,), (32,), (43,), (38,), (28,), (26,), (34,), (33,), (48,), (31,), (45,), (35,), (24,), (40,), (36,), (40,), (33,), (38,), (30,), (46,), (40,), (41,), (37,), (22,), (5,), (32,), (27,), (47,), (24,), (36,), (35,), (30,), (28,), (47,), (49,), (21,)]
2025-04-29 12:45:56,184 - gomoku - ERROR - 状态形状: [(7, 7), (7, 7), (7, 7), (7, 7), (7, 7), (7, 7), (7, 7), (7, 7), (7, 7), (7, 7), (7, 7), (7, 7), (7, 7), (7, 7), (7, 7), (7, 7), (7, 7), (7, 7), (7, 7), (7, 7), (7, 7), (7, 7), (7, 7), (7, 7), (7, 7), (7, 7), (7, 7), (7, 7), (7, 7), (7, 7), (7, 7), (7, 7), (7, 7), (7, 7), (7, 7), (7, 7), (7, 7), (7, 7), (7, 7), (7, 7), (7, 7), (7, 7), (7, 7), (7, 7), (7, 7), (7, 7), (7, 7), (7, 7), (7, 7), (7, 7), (7, 7), (7, 7), (7, 7), (7, 7), (7, 7), (7, 7), (7, 7), (7, 7), (7, 7), (7, 7), (7, 7), (7, 7), (7, 7), (7, 7)]
2025-04-29 12:45:56,184 - gomoku - ERROR - 策略形状: [(32,), (44,), (26,), (17,), (47,), (41,), (43,), (21,), (7,), (16,), (15,), (45,), (42,), (45,), (31,), (36,), (25,), (47,), (8,), (41,), (42,), (40,), (31,), (40,), (44,), (41,), (37,), (41,), (2,), (32,), (43,), (38,), (28,), (26,), (34,), (33,), (48,), (31,), (45,), (35,), (24,), (40,), (36,), (40,), (33,), (38,), (30,), (46,), (40,), (41,), (37,), (22,), (5,), (32,), (27,), (47,), (24,), (36,), (35,), (30,), (28,), (47,), (49,), (21,)]
2025-04-29 12:45:56,192 - gomoku - INFO - 模型保存至 checkpoints\checkpoint_7_28.pth
2025-04-29 12:45:56,192 - gomoku - INFO - 保存检查点到 checkpoint_7_28.pth
2025-04-29 12:45:56,192 - gomoku - INFO - 迭代完成，耗时: 958.25秒
2025-04-29 12:45:56,193 - gomoku - INFO - 
===== 迭代 29/30 =====
2025-04-29 12:45:56,193 - gomoku - INFO - 开始 100 局自我对弈...
2025-04-29 13:03:05,681 - gomoku - INFO - 训练神经网络...
2025-04-29 13:03:05,681 - gomoku - ERROR - 训练出错: 不一致的策略形状: [(32,), (34,), (41,), (9,), (36,), (34,), (47,), (26,), (44,), (43,), (43,), (40,), (41,), (28,), (31,), (38,), (35,), (29,), (47,), (26,), (29,), (39,), (34,), (32,), (47,), (19,), (31,), (44,), (34,), (26,), (19,), (22,), (28,), (33,), (38,), (44,), (33,), (47,), (47,), (27,), (38,), (21,), (48,), (43,), (32,), (41,), (41,), (23,), (26,), (35,), (34,), (41,), (31,), (24,), (19,), (4,), (42,), (43,), (48,), (11,), (34,), (30,), (27,), (48,)]
2025-04-29 13:03:05,681 - gomoku - ERROR - 状态形状: [(7, 7), (7, 7), (7, 7), (7, 7), (7, 7), (7, 7), (7, 7), (7, 7), (7, 7), (7, 7), (7, 7), (7, 7), (7, 7), (7, 7), (7, 7), (7, 7), (7, 7), (7, 7), (7, 7), (7, 7), (7, 7), (7, 7), (7, 7), (7, 7), (7, 7), (7, 7), (7, 7), (7, 7), (7, 7), (7, 7), (7, 7), (7, 7), (7, 7), (7, 7), (7, 7), (7, 7), (7, 7), (7, 7), (7, 7), (7, 7), (7, 7), (7, 7), (7, 7), (7, 7), (7, 7), (7, 7), (7, 7), (7, 7), (7, 7), (7, 7), (7, 7), (7, 7), (7, 7), (7, 7), (7, 7), (7, 7), (7, 7), (7, 7), (7, 7), (7, 7), (7, 7), (7, 7), (7, 7), (7, 7)]
2025-04-29 13:03:05,681 - gomoku - ERROR - 策略形状: [(32,), (34,), (41,), (9,), (36,), (34,), (47,), (26,), (44,), (43,), (43,), (40,), (41,), (28,), (31,), (38,), (35,), (29,), (47,), (26,), (29,), (39,), (34,), (32,), (47,), (19,), (31,), (44,), (34,), (26,), (19,), (22,), (28,), (33,), (38,), (44,), (33,), (47,), (47,), (27,), (38,), (21,), (48,), (43,), (32,), (41,), (41,), (23,), (26,), (35,), (34,), (41,), (31,), (24,), (19,), (4,), (42,), (43,), (48,), (11,), (34,), (30,), (27,), (48,)]
2025-04-29 13:03:05,689 - gomoku - INFO - 模型保存至 checkpoints\checkpoint_7_29.pth
2025-04-29 13:03:05,689 - gomoku - INFO - 保存检查点到 checkpoint_7_29.pth
2025-04-29 13:03:05,689 - gomoku - INFO - 迭代完成，耗时: 1029.50秒
2025-04-29 13:03:05,689 - gomoku - INFO - 
===== 迭代 30/30 =====
2025-04-29 13:03:05,689 - gomoku - INFO - 开始 100 局自我对弈...
2025-04-29 13:18:58,761 - gomoku - INFO - 训练神经网络...
2025-04-29 13:18:58,762 - gomoku - ERROR - 训练出错: 不一致的策略形状: [(28,), (35,), (30,), (42,), (31,), (38,), (33,), (13,), (49,), (36,), (49,), (33,), (35,), (37,), (6,), (17,), (40,), (40,), (28,), (32,), (44,), (26,), (26,), (39,), (21,), (18,), (29,), (32,), (43,), (14,), (31,), (41,), (27,), (46,), (49,), (36,), (44,), (36,), (4,), (34,), (19,), (36,), (36,), (42,), (35,), (18,), (30,), (39,), (32,), (48,), (42,), (28,), (37,), (36,), (28,), (42,), (36,), (3,), (45,), (49,), (38,), (3,), (49,), (24,)]
2025-04-29 13:18:58,762 - gomoku - ERROR - 状态形状: [(7, 7), (7, 7), (7, 7), (7, 7), (7, 7), (7, 7), (7, 7), (7, 7), (7, 7), (7, 7), (7, 7), (7, 7), (7, 7), (7, 7), (7, 7), (7, 7), (7, 7), (7, 7), (7, 7), (7, 7), (7, 7), (7, 7), (7, 7), (7, 7), (7, 7), (7, 7), (7, 7), (7, 7), (7, 7), (7, 7), (7, 7), (7, 7), (7, 7), (7, 7), (7, 7), (7, 7), (7, 7), (7, 7), (7, 7), (7, 7), (7, 7), (7, 7), (7, 7), (7, 7), (7, 7), (7, 7), (7, 7), (7, 7), (7, 7), (7, 7), (7, 7), (7, 7), (7, 7), (7, 7), (7, 7), (7, 7), (7, 7), (7, 7), (7, 7), (7, 7), (7, 7), (7, 7), (7, 7), (7, 7)]
2025-04-29 13:18:58,762 - gomoku - ERROR - 策略形状: [(28,), (35,), (30,), (42,), (31,), (38,), (33,), (13,), (49,), (36,), (49,), (33,), (35,), (37,), (6,), (17,), (40,), (40,), (28,), (32,), (44,), (26,), (26,), (39,), (21,), (18,), (29,), (32,), (43,), (14,), (31,), (41,), (27,), (46,), (49,), (36,), (44,), (36,), (4,), (34,), (19,), (36,), (36,), (42,), (35,), (18,), (30,), (39,), (32,), (48,), (42,), (28,), (37,), (36,), (28,), (42,), (36,), (3,), (45,), (49,), (38,), (3,), (49,), (24,)]
2025-04-29 13:18:58,768 - gomoku - INFO - 模型保存至 checkpoints\checkpoint_7_30.pth
2025-04-29 13:18:58,768 - gomoku - INFO - 保存检查点到 checkpoint_7_30.pth
2025-04-29 13:18:58,769 - gomoku - INFO - 迭代完成，耗时: 953.08秒
2025-04-29 13:18:58,777 - gomoku - INFO - 模型保存至 checkpoints\gomoku_7_final.pth
2025-04-29 13:18:58,777 - gomoku - INFO - 
===== 训练完成！模型已保存到 gomoku_7_final.pth =====
