2025-04-29 04:49:12,572 - gomoku - INFO - 
===== 初始化 7x7 棋盘训练 =====
2025-04-29 04:49:12,572 - gomoku - INFO - 每迭代自我对弈局数: 10
2025-04-29 04:49:12,572 - gomoku - INFO - 总迭代次数: 3
2025-04-29 04:49:12,572 - gomoku - INFO - MCTS模拟次数: 200
2025-04-29 04:49:13,280 - gomoku - INFO - Using GPU for training
2025-04-29 04:49:13,353 - gomoku - WARNING - 找不到检查点文件: checkpoints/latest_7.pth\checkpoint.pth
2025-04-29 04:49:13,353 - gomoku - INFO - 
===== 迭代 1/3 =====
2025-04-29 04:49:13,353 - gomoku - INFO - 开始 10 局自我对弈...
2025-04-29 04:52:30,224 - gomoku - INFO - 训练神经网络...
2025-04-29 04:52:30,224 - gomoku - ERROR - 训练出错: 不一致的策略形状: [(49,), (48,), (40,), (47,), (38,), (6,), (44,), (18,), (36,), (36,), (46,), (46,), (46,), (46,), (35,), (32,), (24,), (3,), (34,), (3,), (45,), (38,), (23,), (19,), (36,), (41,), (48,), (42,), (1,), (30,), (10,), (25,)]
2025-04-29 04:52:30,225 - gomoku - ERROR - 状态形状: [(7, 7), (7, 7), (7, 7), (7, 7), (7, 7), (7, 7), (7, 7), (7, 7), (7, 7), (7, 7), (7, 7), (7, 7), (7, 7), (7, 7), (7, 7), (7, 7), (7, 7), (7, 7), (7, 7), (7, 7), (7, 7), (7, 7), (7, 7), (7, 7), (7, 7), (7, 7), (7, 7), (7, 7), (7, 7), (7, 7), (7, 7), (7, 7)]
2025-04-29 04:52:30,225 - gomoku - ERROR - 策略形状: [(49,), (48,), (40,), (47,), (38,), (6,), (44,), (18,), (36,), (36,), (46,), (46,), (46,), (46,), (35,), (32,), (24,), (3,), (34,), (3,), (45,), (38,), (23,), (19,), (36,), (41,), (48,), (42,), (1,), (30,), (10,), (25,)]
2025-04-29 04:52:30,250 - gomoku - INFO - 模型保存至 checkpoints\checkpoint_7_1.pth
2025-04-29 04:52:30,250 - gomoku - INFO - 保存检查点到 checkpoint_7_1.pth
2025-04-29 04:52:30,252 - gomoku - INFO - 迭代完成，耗时: 196.90秒
2025-04-29 04:52:30,252 - gomoku - INFO - 
===== 迭代 2/3 =====
2025-04-29 04:52:30,252 - gomoku - INFO - 开始 10 局自我对弈...
2025-04-29 04:54:37,764 - gomoku - INFO - 训练神经网络...
2025-04-29 04:54:37,765 - gomoku - ERROR - 训练出错: 不一致的策略形状: [(21,), (33,), (26,), (6,), (49,), (37,), (44,), (27,), (43,), (28,), (16,), (10,), (47,), (15,), (39,), (16,), (42,), (46,), (39,), (18,), (47,), (14,), (41,), (4,), (38,), (28,), (25,), (14,), (15,), (37,), (29,), (33,)]
2025-04-29 04:54:37,765 - gomoku - ERROR - 状态形状: [(7, 7), (7, 7), (7, 7), (7, 7), (7, 7), (7, 7), (7, 7), (7, 7), (7, 7), (7, 7), (7, 7), (7, 7), (7, 7), (7, 7), (7, 7), (7, 7), (7, 7), (7, 7), (7, 7), (7, 7), (7, 7), (7, 7), (7, 7), (7, 7), (7, 7), (7, 7), (7, 7), (7, 7), (7, 7), (7, 7), (7, 7), (7, 7)]
2025-04-29 04:54:37,765 - gomoku - ERROR - 策略形状: [(21,), (33,), (26,), (6,), (49,), (37,), (44,), (27,), (43,), (28,), (16,), (10,), (47,), (15,), (39,), (16,), (42,), (46,), (39,), (18,), (47,), (14,), (41,), (4,), (38,), (28,), (25,), (14,), (15,), (37,), (29,), (33,)]
2025-04-29 04:54:37,799 - gomoku - INFO - 模型保存至 checkpoints\checkpoint_7_2.pth
2025-04-29 04:54:37,800 - gomoku - INFO - 保存检查点到 checkpoint_7_2.pth
2025-04-29 04:54:37,803 - gomoku - INFO - 迭代完成，耗时: 127.55秒
2025-04-29 04:54:37,803 - gomoku - INFO - 
===== 迭代 3/3 =====
2025-04-29 04:54:37,803 - gomoku - INFO - 开始 10 局自我对弈...
2025-04-29 04:58:02,816 - gomoku - INFO - 训练神经网络...
2025-04-29 04:58:02,817 - gomoku - ERROR - 训练出错: 不一致的策略形状: [(45,), (21,), (16,), (28,), (26,), (33,), (49,), (44,), (28,), (15,), (46,), (34,), (30,), (47,), (22,), (27,), (37,), (38,), (9,), (32,), (21,), (34,), (21,), (38,), (32,), (23,), (31,), (28,), (36,), (44,), (38,), (4,)]
2025-04-29 04:58:02,817 - gomoku - ERROR - 状态形状: [(7, 7), (7, 7), (7, 7), (7, 7), (7, 7), (7, 7), (7, 7), (7, 7), (7, 7), (7, 7), (7, 7), (7, 7), (7, 7), (7, 7), (7, 7), (7, 7), (7, 7), (7, 7), (7, 7), (7, 7), (7, 7), (7, 7), (7, 7), (7, 7), (7, 7), (7, 7), (7, 7), (7, 7), (7, 7), (7, 7), (7, 7), (7, 7)]
2025-04-29 04:58:02,817 - gomoku - ERROR - 策略形状: [(45,), (21,), (16,), (28,), (26,), (33,), (49,), (44,), (28,), (15,), (46,), (34,), (30,), (47,), (22,), (27,), (37,), (38,), (9,), (32,), (21,), (34,), (21,), (38,), (32,), (23,), (31,), (28,), (36,), (44,), (38,), (4,)]
2025-04-29 04:58:02,849 - gomoku - INFO - 模型保存至 checkpoints\checkpoint_7_3.pth
2025-04-29 04:58:02,849 - gomoku - INFO - 保存检查点到 checkpoint_7_3.pth
2025-04-29 04:58:02,853 - gomoku - INFO - 迭代完成，耗时: 205.05秒
2025-04-29 04:58:02,883 - gomoku - INFO - 模型保存至 checkpoints\gomoku_7_final.pth
2025-04-29 04:58:02,884 - gomoku - INFO - 
===== 训练完成！模型已保存到 gomoku_7_final.pth =====
